<dwg:dwg-root xmlns:dwg="http://dwg.autopipes.org">
<dwg-name xmlns="http://dwg.autopipes.org">160_Mad_test2</dwg-name>
<dwg-text-size xmlns="http://dwg.autopipes.org">6</dwg-text-size>
<dwg-update-date xmlns="http://dwg.autopipes.org">2014-05-03T15:31:20</dwg-update-date>
<options-root xmlns="http://dwg.autopipes.org">
<layers-root>
<layer name="SPRK-PMN-2GR" type="Main" sub-type="grooved" vendor="VIC" main-diameter="D2"/>
<layer name="SPRK-CUTS" type="Output"/>
<layer name="sprk pipemn-2TH sch 40" type="Main" sub-type="threaded" main-diameter="D2"/>
<layer name="sprk pipebl" type="Branch"><headcount><entry xmlns=""><key>1</key><value>D1</value></entry><entry xmlns=""><key>2</key><value>D1</value></entry><entry xmlns=""><key>3</key><value>D15</value></entry><entry xmlns=""><key>4</key><value>D15</value></entry><entry xmlns=""><key>5</key><value>D15</value></entry><entry xmlns=""><key>6</key><value>D2</value></entry></headcount></layer>
</layers-root>
<error-color>Magenta</error-color>
</options-root>
<dwg-id xmlns="http://dwg.autopipes.org">301</dwg-id>
</dwg:dwg-root>


