<dwg:area-root xmlns:dwg="http://dwg.autopipes.org">
<dwg-id xmlns="http://dwg.autopipes.org">301</dwg-id>
<area-body xmlns="http://dwg.autopipes.org">
<dwg-entity cls="AcDbBlockReference" id="91" ly="SPRK-ELEV" name="AREA-CONFIG"><ent-start x="4854.0673826462" y="1098.41426269257"/>
 <attributes><entry xmlns=""><key>AREA-ID</key><value>7</value></entry><entry xmlns=""><key>AREA-NAME</key><value>Area-7</value></entry><entry xmlns=""><key>MAIN-LABEL</key><value>M-</value></entry><entry xmlns=""><key>MAIN-START-NO</key><value>1</value></entry><entry xmlns=""><key>BRANCH-LABEL</key><value>#</value></entry><entry xmlns=""><key>BRANCH-START-NO</key><value>1</value></entry><entry xmlns=""><key>IGNORE-SHORTER-THAN</key><value>1'</value></entry><entry xmlns=""><key>CUT-LONGER-THAN</key><value>10'6"</value></entry><entry xmlns=""><key>CUT-BRANCH-INTO</key><value>7'</value></entry><entry xmlns=""><key>CUT-MAIN-INTO</key><value>10'6" 10' 9'</value></entry>
  <entry xmlns=""><key>MAIN-CUT-CLEARANCE</key><value>6"</value></entry>
 </attributes>
</dwg-entity>
<dwg-entity cls="AcDbPoint" id="90" ly="SPRK-ELEV"><ent-start x="4775.75" y="1144.3109663485"/></dwg-entity>
<dwg-entity cls="AcDbCircle" id="89" ly="SPRK-ELEV"><ent-size h="5.87597071060895"/><ent-start x="4800.08569533447" y="1129.75440135124"/></dwg-entity>
<dwg-entity cls="AcDbCircle" id="88" ly="SPRK-ELEV"><ent-size h="7.86475656688316"/><ent-start x="4812.57445080607" y="1215.49249582377"/></dwg-entity>
<dwg-entity cls="AcDbLine" id="87" ly="sprk pipebl"><ent-start x="4812.57445080607" y="1215.49249582377"/><ent-end x="4812.57445080607" y="1144.3109663485"/></dwg-entity>
<dwg-entity cls="AcDbLine" id="42" ly="sprk pipemn-2TH sch 40"><ent-start x="4775.75" y="1144.3109663485"/><ent-end x="4854.0673826462" y="1144.3109663485"/></dwg-entity>
<dwg-entity cls="AcDbLine" id="43" ly="sprk pipemn-2TH sch 40"><ent-start x="4854.0673826462" y="1098.41426269257"/><ent-end x="4854.0673826462" y="1144.3109663485"/></dwg-entity>
<dwg-entity cls="AcDbLine" id="44" ly="sprk pipebl"><ent-start x="4800.08569533447" y="1144.3109663485"/><ent-end x="4800.08569533447" y="1129.75440135124"/></dwg-entity>
</area-body>
<area-options xmlns="http://dwg.autopipes.org">
<main-label>M-</main-label>
<main-start-no>1</main-start-no>
<branch-label>#</branch-label><branch-start-no>1</branch-start-no>
<ignore-shorter-than>1'</ignore-shorter-than><cut-longer-than>10'6"</cut-longer-than>
<cut-branch-into>7'</cut-branch-into><cut-main-into>10'6" 10' 9'</cut-main-into>
<main-cut-clearance>6"</main-cut-clearance>
</area-options>
<area-id xmlns="http://dwg.autopipes.org">7</area-id>
<area-name xmlns="http://dwg.autopipes.org">Area-7</area-name>
</dwg:area-root>

