<?xml version="1.0" encoding="UTF-8"?>
<beans
  xmlns="http://www.springframework.org/schema/beans"
  xmlns:xsi="http://www.w3.org/2001/XMLSchema-instance"
  xsi:schemaLocation="http://www.springframework.org/schema/beans
    http://www.springframework.org/schema/beans/spring-beans-2.0.xsd">

  <bean id="pipeConfig" class="org.autopipes.model.PipeConfig">
      <property name="textSideShift"><value type="java.lang.Integer">10</value></property>
      <property name="textVerticalUpShift1"><value type="java.lang.Integer">3</value></property>
      <property name="textVerticalDownShift1"><value type="java.lang.Integer">-11</value></property>
      <property name="textVerticalDownShift2"><value type="java.lang.Integer">-2</value></property>
      <property name="textVerticalUpShift2_5"><value type="java.lang.Integer">8</value></property>
      <property name="textVerticalUpShift2_7"><value type="java.lang.Integer">11</value></property>
      <property name="textWidth"><value type="java.lang.Integer">150</value></property>
      <property name="jumpTextShift"><value type="java.lang.Integer">30</value></property>
      <property name="jumpTextDirection"><value type="java.lang.Double">0.33</value></property>
      <property name="errorTilt"><value type="java.lang.Double">0.1</value></property>

    <property name="headLookup">
      <map>
        <entry>
          <key><value>upright-on-sprig</value></key>
          <ref bean="uprightOnSprigHead"/>
        </entry>
        <entry>
          <key><value>sprk-hd-up-sprig</value></key>
          <ref bean="uprightOnSprigHead"/>
        </entry>
        <entry>
          <key><value>upright</value></key>
          <ref bean="uprightHead"/>
        </entry>
        <entry>
          <key><value>sprk-hd-up</value></key>
          <ref bean="uprightHead"/>
        </entry>
        <entry>
          <key><value>sidewall</value></key>
          <ref bean="sidewallHead"/>
        </entry>
        <entry>
          <key><value>sprk-hd-sw</value></key>
          <ref bean="sidewallHead"/>
        </entry>
        <entry>
          <key><value>ec-sidewall</value></key>
          <ref bean="ecSidewallHead"/>
        </entry>
        <entry>
          <key><value>sprk-hd-sw-ec</value></key>
          <ref bean="ecSidewallHead"/>
        </entry>
        <entry>
          <key><value>pendent</value></key>
          <ref bean="pendentHead"/>
        </entry>
        <entry>
          <key><value>sprk-hd-pendent</value></key>
          <ref bean="pendentHead"/>
        </entry>
        <entry>
          <key><value>dry-pendent</value></key>
          <ref bean="pendentHead"/>
        </entry>
        <entry>
          <key><value>sprk-hd-dry-pndnt</value></key>
          <ref bean="pendentHead"/>
        </entry>
        <entry>
          <key><value>recess-pendent</value></key>
          <ref bean="pendentHead"/>
        </entry>
        <entry>
          <key><value>sprk-hd-rec-pndnt</value></key>
          <ref bean="pendentHead"/>
        </entry>
        <entry>
          <key><value>concealed-pendent</value></key>
          <ref bean="pendentHead"/>
        </entry>
        <entry>
          <key><value>sprk-hd-conc</value></key>
          <ref bean="pendentHead"/>
        </entry>
        <entry>
          <key><value>head-under-duct</value></key>
          <ref bean="otherHead"/>
        </entry>
        <entry>
          <key><value>sprk-hd-under-duct</value></key>
          <ref bean="otherHead"/>
        </entry>
        <entry>
          <key><value>head-under-duct-with-sprig</value></key>
          <ref bean="otherOnSprigHead"/>
        </entry>
        <entry>
          <key><value>sprk-hd-under-duct-sprig</value></key>
          <ref bean="otherOnSprigHead"/>
        </entry>
      </map>
    </property>
  </bean>

  <bean id="otherHead" class="org.autopipes.model.Pipe">
      <constructor-arg><value type="org.autopipes.model.DrawingLayer$Designation">Head</value></constructor-arg>
      <property name="vertical"><value type="java.lang.Boolean" >true</value></property>
      <property name="diameter"><value type="org.autopipes.takeout.Diameter" >D05</value></property>
      <property name="ignored"><value type="java.lang.Boolean" >false</value></property>
  </bean>
  <bean id="otherOnSprigHead" class="org.autopipes.model.Pipe">
      <constructor-arg><value type="org.autopipes.model.DrawingLayer$Designation">Head</value></constructor-arg>
      <property name="vertical"><value type="java.lang.Boolean" >true</value></property>
      <property name="diameter"><value type="org.autopipes.takeout.Diameter" >D1</value></property>
      <property name="ignored"><value type="java.lang.Boolean" >false</value></property>
  </bean>
  <bean id="pendentHead" class="org.autopipes.model.Pipe">
      <constructor-arg><value type="org.autopipes.model.DrawingLayer$Designation">Head</value></constructor-arg>
      <property name="vertical"><value type="java.lang.Boolean" >true</value></property>
      <property name="diameter"><value type="org.autopipes.takeout.Diameter" >D1</value></property>
      <property name="ignored"><value type="java.lang.Boolean" >true</value></property>
  </bean>
  <bean id="uprightOnSprigHead" class="org.autopipes.model.Pipe">
      <constructor-arg><value type="org.autopipes.model.DrawingLayer$Designation">Head</value></constructor-arg>
      <property name="vertical"><value type="java.lang.Boolean" >true</value></property>
      <property name="diameter"><value type="org.autopipes.takeout.Diameter" >D1</value></property>
      <property name="ignored"><value type="java.lang.Boolean" >false</value></property>
  </bean>
  <bean id="uprightHead" class="org.autopipes.model.Pipe">
      <constructor-arg><value type="org.autopipes.model.DrawingLayer$Designation">Head</value></constructor-arg>
      <property name="vertical"><value type="java.lang.Boolean" >true</value></property>
      <property name="diameter"><value type="org.autopipes.takeout.Diameter" >D05</value></property>
      <property name="ignored"><value type="java.lang.Boolean" >false</value></property>
  </bean>
  <bean id="sidewallHead" class="org.autopipes.model.Pipe">
      <constructor-arg><value type="org.autopipes.model.DrawingLayer$Designation">Head</value></constructor-arg>
      <property name="vertical"><value type="java.lang.Boolean" >false</value></property>
      <property name="diameter"><value type="org.autopipes.takeout.Diameter" >D05</value></property>
      <property name="ignored"><value type="java.lang.Boolean" >true</value></property>
  </bean>
  <bean id="ecSidewallHead" class="org.autopipes.model.Pipe">
      <constructor-arg><value type="org.autopipes.model.DrawingLayer$Designation">Head</value></constructor-arg>
      <property name="vertical"><value type="java.lang.Boolean" >false</value></property>
      <property name="diameter"><value type="org.autopipes.takeout.Diameter" >D075</value></property>
      <property name="ignored"><value type="java.lang.Boolean" >true</value></property>
  </bean>
     
</beans>