<dwg:dwg-root xmlns:dwg="http://dwg.autopipes.org">
  <dwg-name xmlns="http://dwg.autopipes.org">TwinBranch</dwg-name>
  <dwg-text-size xmlns="http://dwg.autopipes.org">5</dwg-text-size>
  <dwg-update-date xmlns="http://dwg.autopipes.org">2008-04-17T23:57:40</dwg-update-date>
  <options-root xmlns="http://dwg.autopipes.org">
    <layers-root>
      <layer name="0" type="Output"/>
      <layer name="ML" vendor="VIC" type="Main" sub-type="grooved" main-diameter="D2"/>
      <layer name="BL" type="Branch">
        <headcount>
          <entry xmlns=""><key>1</key><value>D1</value></entry>
          <entry xmlns=""><key>2</key><value>D15</value></entry>
          <entry xmlns=""><key>3</key><value>D25</value></entry>
        </headcount>
      </layer>
    </layers-root>
    <branch-prefix>#</branch-prefix>
    <branch-count-start>1</branch-count-start>
    <main-prefix>M-</main-prefix>
    <main-count-start>1</main-count-start>
    <error-color>Magenta</error-color>
    <linear-delta>0.1</linear-delta>
    <angular-delta>0.01</angular-delta>
    <short-pipe>12</short-pipe>
    <long-pipe>126</long-pipe>
    <main-cut-space>6</main-cut-space>
    <main-cut-list>
      <main-cut>126</main-cut>
      <main-cut>120</main-cut>
      <main-cut>108</main-cut>
      <main-cut>96</main-cut>
    </main-cut-list>
    <branch-cut-list><branch-cut>84</branch-cut></branch-cut-list>
  </options-root>
</dwg:dwg-root>
    
