<?xml version="1.0" encoding="UTF-8" standalone="yes"?>
<ns2:area-root xmlns:ns2="http://dwg.autopipes.org">
    <ns2:area-id>1</ns2:area-id>
    <ns2:area-name>area-1</ns2:area-name>
    <ns2:area-options>
        <ns2:main-start-no>20</ns2:main-start-no>
        <ns2:branch-start-no>10</ns2:branch-start-no>
        <ns2:main-label>M</ns2:main-label>
        <ns2:branch-label>B</ns2:branch-label>
    </ns2:area-options>
    <ns2:area-body>
        <ns2:dwg-entity ly="Main" cls="AcDbCircle">
            <ns2:ent-start y="0.0" x="0.0"/>
        </ns2:dwg-entity>
    </ns2:area-body>
    <ns2:area-cut-sheet>
        <ns2:branchMap>
            <entry>
                <key>1</key>
                <value>
                    <ns2:branchId>2</ns2:branchId>
                    <ns2:multiplicity>0</ns2:multiplicity>
                    <ns2:origin>
                        <ns2:id>1</ns2:id>
                        <ns2:rev>false</ns2:rev>
                        <ns2:att>
                            <ns2:dir>E</ns2:dir>
                        </ns2:att>
                        <ns2:att>
                            <ns2:dir>E</ns2:dir>
                        </ns2:att>
                        <ns2:vert>false</ns2:vert>
                        <ns2:con>false</ns2:con>
                        <ns2:span>10</ns2:span>
                    </ns2:origin>
                    <ns2:edgeMultiplicityMap>
                        <entry>
                            <key>
								<ns2:pipe>
								    <ns2:id>1</ns2:id>
								    <ns2:rev>false</ns2:rev>
								    <ns2:att>
								        <ns2:dir>E</ns2:dir>
								    </ns2:att>
								    <ns2:att>
								        <ns2:dir>E</ns2:dir>
								    </ns2:att>
								    <ns2:vert>false</ns2:vert>
								    <ns2:con>false</ns2:con>
								    <ns2:span>10</ns2:span>
								</ns2:pipe>
								<ns2:start>0</ns2:start>
								<ns2:end>0</ns2:end>
                            </key>
                            <value>2</value>
                        </entry>
                    </ns2:edgeMultiplicityMap>
                </value>
            </entry>
        </ns2:branchMap>
        <ns2:fitting>
            <type>Coupling</type>
            <attachment>grooved</attachment>
            <vendor>FIRELOCK</vendor>
            <diameter>D1</diameter>
            <diameter>D2</diameter>
        </ns2:fitting>
    </ns2:area-cut-sheet>

</ns2:area-root>
